0 info it worked if it ends with ok
1 verbose cli [ 'C:\\Program Files\\nodejs\\node.exe',
1 verbose cli   'C:\\Program Files\\nodejs\\node_modules\\npm\\bin\\npm-cli.js',
1 verbose cli   'install',
1 verbose cli   '--save',
1 verbose cli   'react-localstorage' ]
2 info using npm@2.15.8
3 info using node@v4.4.7
4 verbose install initial load of F:\Samriddha\node-workspace\travel-blogger\package.json
5 warn package.json travel-blogger@1.0.0 No repository field.
6 verbose installManyTop reading scoped package data from F:\Samriddha\node-workspace\travel-blogger\node_modules\axios\package.json
7 verbose installManyTop reading scoped package data from F:\Samriddha\node-workspace\travel-blogger\node_modules\babel-core\package.json
8 verbose installManyTop reading scoped package data from F:\Samriddha\node-workspace\travel-blogger\node_modules\babel-loader\package.json
9 verbose installManyTop reading scoped package data from F:\Samriddha\node-workspace\travel-blogger\node_modules\babel-preset-es2015\package.json
10 verbose installManyTop reading scoped package data from F:\Samriddha\node-workspace\travel-blogger\node_modules\babel-preset-react\package.json
11 verbose installManyTop reading scoped package data from F:\Samriddha\node-workspace\travel-blogger\node_modules\babel-preset-stage-2\package.json
12 verbose installManyTop reading scoped package data from F:\Samriddha\node-workspace\travel-blogger\node_modules\coordinate-tz\package.json
13 verbose installManyTop reading scoped package data from F:\Samriddha\node-workspace\travel-blogger\node_modules\copy-webpack-plugin\package.json
14 verbose installManyTop reading scoped package data from F:\Samriddha\node-workspace\travel-blogger\node_modules\ease-functions\package.json
15 verbose installManyTop reading scoped package data from F:\Samriddha\node-workspace\travel-blogger\node_modules\history\package.json
16 verbose installManyTop reading scoped package data from F:\Samriddha\node-workspace\travel-blogger\node_modules\html-webpack-plugin\package.json
17 verbose installManyTop reading scoped package data from F:\Samriddha\node-workspace\travel-blogger\node_modules\jspack\package.json
18 verbose installManyTop reading scoped package data from F:\Samriddha\node-workspace\travel-blogger\node_modules\lodash\package.json
19 verbose installManyTop reading scoped package data from F:\Samriddha\node-workspace\travel-blogger\node_modules\react\package.json
20 verbose installManyTop reading scoped package data from F:\Samriddha\node-workspace\travel-blogger\node_modules\react-3d-carousel\package.json
21 verbose installManyTop reading scoped package data from F:\Samriddha\node-workspace\travel-blogger\node_modules\react-addons-css-transition-group\package.json
22 verbose installManyTop reading scoped package data from F:\Samriddha\node-workspace\travel-blogger\node_modules\react-bootstrap\package.json
23 verbose installManyTop reading scoped package data from F:\Samriddha\node-workspace\travel-blogger\node_modules\react-dom\package.json
24 verbose installManyTop reading scoped package data from F:\Samriddha\node-workspace\travel-blogger\node_modules\react-redux\package.json
25 verbose installManyTop reading scoped package data from F:\Samriddha\node-workspace\travel-blogger\node_modules\react-router\package.json
26 verbose installManyTop reading scoped package data from F:\Samriddha\node-workspace\travel-blogger\node_modules\react-router-dom\package.json
27 verbose installManyTop reading scoped package data from F:\Samriddha\node-workspace\travel-blogger\node_modules\redux\package.json
28 verbose installManyTop reading scoped package data from F:\Samriddha\node-workspace\travel-blogger\node_modules\redux-promise\package.json
29 verbose installManyTop reading scoped package data from F:\Samriddha\node-workspace\travel-blogger\node_modules\redux-thunk\package.json
30 verbose installManyTop reading scoped package data from F:\Samriddha\node-workspace\travel-blogger\node_modules\webpack\package.json
31 verbose installManyTop reading scoped package data from F:\Samriddha\node-workspace\travel-blogger\node_modules\webpack-dev-server\package.json
32 verbose installManyTop reading scoped package data from F:\Samriddha\node-workspace\travel-blogger\node_modules\youtube-api-search\package.json
33 verbose installManyTop reading scoped package data from F:\Samriddha\node-workspace\travel-blogger\node_modules\zoneinfo\package.json
34 info package.json coordinate-tz@0.1.2 No license field.
35 info package.json jspack@0.0.4 No license field.
36 info package.json youtube-api-search@0.0.5 No repository field.
37 info package.json zoneinfo@0.1.8 No license field.
38 verbose readDependencies loading dependencies from F:\Samriddha\node-workspace\travel-blogger\package.json
39 silly cache add args [ 'react-localstorage', null ]
40 verbose cache add spec react-localstorage
41 silly cache add parsed spec Result {
41 silly cache add   raw: 'react-localstorage',
41 silly cache add   scope: null,
41 silly cache add   name: 'react-localstorage',
41 silly cache add   rawSpec: '',
41 silly cache add   spec: 'latest',
41 silly cache add   type: 'tag' }
42 silly addNamed react-localstorage@latest
43 verbose addNamed "latest" is being treated as a dist-tag for react-localstorage
44 info addNameTag [ 'react-localstorage', 'latest' ]
45 silly mapToRegistry name react-localstorage
46 silly mapToRegistry using default registry
47 silly mapToRegistry registry https://registry.npmjs.org/
48 silly mapToRegistry data Result {
48 silly mapToRegistry   raw: 'react-localstorage',
48 silly mapToRegistry   scope: null,
48 silly mapToRegistry   name: 'react-localstorage',
48 silly mapToRegistry   rawSpec: '',
48 silly mapToRegistry   spec: 'latest',
48 silly mapToRegistry   type: 'tag' }
49 silly mapToRegistry uri https://registry.npmjs.org/react-localstorage
50 verbose addNameTag registry:https://registry.npmjs.org/react-localstorage not in flight; fetching
51 verbose request uri https://registry.npmjs.org/react-localstorage
52 verbose request no auth needed
53 info attempt registry request try #1 at 8:24:13 PM
54 verbose request id 665f5dae2f45236b
55 http request GET https://registry.npmjs.org/react-localstorage
56 http 200 https://registry.npmjs.org/react-localstorage
57 verbose headers { server: 'nginx/1.10.1',
57 verbose headers   'content-type': 'application/json',
57 verbose headers   'last-modified': 'Mon, 13 Feb 2017 02:18:06 GMT',
57 verbose headers   etag: 'W/"58a1175e-61e2"',
57 verbose headers   'content-encoding': 'gzip',
57 verbose headers   'cache-control': 'max-age=300',
57 verbose headers   'content-length': '3629',
57 verbose headers   'accept-ranges': 'bytes',
57 verbose headers   date: 'Fri, 21 Apr 2017 14:54:17 GMT',
57 verbose headers   via: '1.1 varnish',
57 verbose headers   age: '0',
57 verbose headers   connection: 'keep-alive',
57 verbose headers   'x-served-by': 'cache-ams4121-AMS',
57 verbose headers   'x-cache': 'MISS',
57 verbose headers   'x-cache-hits': '0',
57 verbose headers   'x-timer': 'S1492786458.842580,VS0,VE71',
57 verbose headers   vary: 'Accept-Encoding' }
58 silly get cb [ 200,
58 silly get   { server: 'nginx/1.10.1',
58 silly get     'content-type': 'application/json',
58 silly get     'last-modified': 'Mon, 13 Feb 2017 02:18:06 GMT',
58 silly get     etag: 'W/"58a1175e-61e2"',
58 silly get     'content-encoding': 'gzip',
58 silly get     'cache-control': 'max-age=300',
58 silly get     'content-length': '3629',
58 silly get     'accept-ranges': 'bytes',
58 silly get     date: 'Fri, 21 Apr 2017 14:54:17 GMT',
58 silly get     via: '1.1 varnish',
58 silly get     age: '0',
58 silly get     connection: 'keep-alive',
58 silly get     'x-served-by': 'cache-ams4121-AMS',
58 silly get     'x-cache': 'MISS',
58 silly get     'x-cache-hits': '0',
58 silly get     'x-timer': 'S1492786458.842580,VS0,VE71',
58 silly get     vary: 'Accept-Encoding' } ]
59 verbose get saving react-localstorage to C:\Users\Lenovo\AppData\Roaming\npm-cache\registry.npmjs.org\react-localstorage\.cache.json
60 verbose correctMkdir C:\Users\Lenovo\AppData\Roaming\npm-cache correctMkdir not in flight; initializing
61 silly addNameTag next cb for react-localstorage with tag latest
62 silly addNamed react-localstorage@0.3.1
63 verbose addNamed "0.3.1" is a plain semver version for react-localstorage
64 silly mapToRegistry name react-localstorage
65 silly mapToRegistry using default registry
66 silly mapToRegistry registry https://registry.npmjs.org/
67 silly mapToRegistry data Result {
67 silly mapToRegistry   raw: 'react-localstorage',
67 silly mapToRegistry   scope: null,
67 silly mapToRegistry   name: 'react-localstorage',
67 silly mapToRegistry   rawSpec: '',
67 silly mapToRegistry   spec: 'latest',
67 silly mapToRegistry   type: 'tag' }
68 silly mapToRegistry uri https://registry.npmjs.org/react-localstorage
69 verbose addRemoteTarball https://registry.npmjs.org/react-localstorage/-/react-localstorage-0.3.1.tgz not in flight; adding
70 verbose addRemoteTarball [ 'https://registry.npmjs.org/react-localstorage/-/react-localstorage-0.3.1.tgz',
70 verbose addRemoteTarball   '73b1d0622863eaff780a27f27004a3c0684d403b' ]
71 info retry fetch attempt 1 at 8:24:14 PM
72 info attempt registry request try #1 at 8:24:14 PM
73 http fetch GET https://registry.npmjs.org/react-localstorage/-/react-localstorage-0.3.1.tgz
74 http fetch 200 https://registry.npmjs.org/react-localstorage/-/react-localstorage-0.3.1.tgz
75 silly fetchAndShaCheck shasum 73b1d0622863eaff780a27f27004a3c0684d403b
76 verbose addTmpTarball C:\Users\Lenovo\AppData\Local\Temp\npm-3552-8c355613\registry.npmjs.org\react-localstorage\-\react-localstorage-0.3.1.tgz not in flight; adding
77 verbose addTmpTarball already have metadata; skipping unpack for react-localstorage@0.3.1
78 verbose correctMkdir C:\Users\Lenovo\AppData\Roaming\npm-cache correctMkdir not in flight; initializing
79 silly cache afterAdd react-localstorage@0.3.1
80 verbose afterAdd C:\Users\Lenovo\AppData\Roaming\npm-cache\react-localstorage\0.3.1\package\package.json not in flight; writing
81 verbose correctMkdir C:\Users\Lenovo\AppData\Roaming\npm-cache correctMkdir not in flight; initializing
82 verbose afterAdd C:\Users\Lenovo\AppData\Roaming\npm-cache\react-localstorage\0.3.1\package\package.json written
83 silly install resolved [ { name: 'react-localstorage',
83 silly install resolved     version: '0.3.1',
83 silly install resolved     description: 'A mixin for automatically synchronizing a component\'s state with localStorage.',
83 silly install resolved     main: 'react-localstorage.js',
83 silly install resolved     scripts: { test: 'karma start', lint: 'eslint .' },
83 silly install resolved     repository:
83 silly install resolved      { type: 'git',
83 silly install resolved        url: 'git://github.com/STRML/react-localstorage.git' },
83 silly install resolved     keywords: [ 'react', 'localstorage' ],
83 silly install resolved     author:
83 silly install resolved      { name: 'Samuel Reed',
83 silly install resolved        email: 'sam@tixelated.com',
83 silly install resolved        url: 'http://strml.net/' },
83 silly install resolved     license: 'MIT',
83 silly install resolved     bugs: { url: 'https://github.com/STRML/react-localstorage/issues' },
83 silly install resolved     homepage: 'https://github.com/STRML/react-localstorage',
83 silly install resolved     devDependencies:
83 silly install resolved      { browserify: '^14.0.0',
83 silly install resolved        envify: '~1.2.1',
83 silly install resolved        eslint: '^3.15.0',
83 silly install resolved        'jasmine-core': '^2.1.3',
83 silly install resolved        karma: '^1.4.1',
83 silly install resolved        'karma-browserify': '^5.1.1',
83 silly install resolved        'karma-chrome-launcher': '^2.0.0',
83 silly install resolved        'karma-jasmine': '^1.1.0',
83 silly install resolved        precommit: '^1.2.2',
83 silly install resolved        react: '^15.4.2',
83 silly install resolved        'react-addons-test-utils': '^15.4.2',
83 silly install resolved        'react-dom': '^15.4.2',
83 silly install resolved        reactify: '^1.1.1' },
83 silly install resolved     publishConfig: { registry: 'https://registry.npmjs.org' },
83 silly install resolved     dependencies: {},
83 silly install resolved     gitHead: 'e06ed6bfa633332de3f49c397ae2a71aa9747c32',
83 silly install resolved     _id: 'react-localstorage@0.3.1',
83 silly install resolved     _shasum: '73b1d0622863eaff780a27f27004a3c0684d403b',
83 silly install resolved     _from: 'react-localstorage@latest',
83 silly install resolved     _npmVersion: '3.10.9',
83 silly install resolved     _nodeVersion: '6.9.2',
83 silly install resolved     _npmUser: { name: 'strml', email: 'samuel.trace.reed@gmail.com' },
83 silly install resolved     maintainers: [ [Object] ],
83 silly install resolved     dist:
83 silly install resolved      { shasum: '73b1d0622863eaff780a27f27004a3c0684d403b',
83 silly install resolved        tarball: 'https://registry.npmjs.org/react-localstorage/-/react-localstorage-0.3.1.tgz' },
83 silly install resolved     _npmOperationalInternal:
83 silly install resolved      { host: 'packages-12-west.internal.npmjs.com',
83 silly install resolved        tmp: 'tmp/react-localstorage-0.3.1.tgz_1486952285850_0.2738828125875443' },
83 silly install resolved     directories: {},
83 silly install resolved     _resolved: 'https://registry.npmjs.org/react-localstorage/-/react-localstorage-0.3.1.tgz' } ]
84 info install react-localstorage@0.3.1 into F:\Samriddha\node-workspace\travel-blogger
85 info installOne react-localstorage@0.3.1
86 verbose installOne of react-localstorage to F:\Samriddha\node-workspace\travel-blogger not in flight; installing
87 verbose correctMkdir C:\Users\Lenovo\AppData\Roaming\npm-cache\_locks correctMkdir not in flight; initializing
88 verbose lock using C:\Users\Lenovo\AppData\Roaming\npm-cache\_locks\react-localstorage-1c7504a773f8dc1b.lock for F:\Samriddha\node-workspace\travel-blogger\node_modules\react-localstorage
89 silly install write writing react-localstorage 0.3.1 to F:\Samriddha\node-workspace\travel-blogger\node_modules\react-localstorage
90 verbose unbuild node_modules\react-localstorage
91 silly gentlyRm F:\Samriddha\node-workspace\travel-blogger\node_modules\react-localstorage is being purged from base F:\Samriddha\node-workspace\travel-blogger
92 verbose gentlyRm don't care about contents; nuking F:\Samriddha\node-workspace\travel-blogger\node_modules\react-localstorage
93 verbose tar unpack C:\Users\Lenovo\AppData\Roaming\npm-cache\react-localstorage\0.3.1\package.tgz
94 verbose tar unpacking to F:\Samriddha\node-workspace\travel-blogger\node_modules\react-localstorage
95 silly gentlyRm F:\Samriddha\node-workspace\travel-blogger\node_modules\react-localstorage is being purged
96 verbose gentlyRm don't care about contents; nuking F:\Samriddha\node-workspace\travel-blogger\node_modules\react-localstorage
97 silly gunzTarPerm modes [ '777', '666' ]
98 silly gunzTarPerm extractEntry package.json
99 silly gunzTarPerm modified mode [ 'package.json', 420, 438 ]
100 silly gunzTarPerm extractEntry .npmignore
101 silly gunzTarPerm modified mode [ '.npmignore', 420, 438 ]
102 silly gunzTarPerm extractEntry README.md
103 silly gunzTarPerm modified mode [ 'README.md', 420, 438 ]
104 silly gunzTarPerm extractEntry react-localstorage.js
105 silly gunzTarPerm modified mode [ 'react-localstorage.js', 420, 438 ]
106 silly gunzTarPerm extractEntry .eslintrc
107 silly gunzTarPerm modified mode [ '.eslintrc', 420, 438 ]
108 silly gunzTarPerm extractEntry lib/warning.js
109 silly gunzTarPerm modified mode [ 'lib/warning.js', 420, 438 ]
110 silly gunzTarPerm extractEntry CHANGELOG.md
111 silly gunzTarPerm modified mode [ 'CHANGELOG.md', 420, 438 ]
112 verbose write writing to F:\Samriddha\node-workspace\travel-blogger\node_modules\react-localstorage\package.json
113 info preinstall react-localstorage@0.3.1
114 verbose readDependencies loading dependencies from F:\Samriddha\node-workspace\travel-blogger\node_modules\react-localstorage\package.json
115 verbose readDependencies loading dependencies from F:\Samriddha\node-workspace\travel-blogger\node_modules\react-localstorage\package.json
116 silly install resolved []
117 verbose about to build F:\Samriddha\node-workspace\travel-blogger\node_modules\react-localstorage
118 info build F:\Samriddha\node-workspace\travel-blogger\node_modules\react-localstorage
119 info linkStuff react-localstorage@0.3.1
120 silly linkStuff react-localstorage@0.3.1 has F:\Samriddha\node-workspace\travel-blogger\node_modules as its parent node_modules
121 verbose linkBins react-localstorage@0.3.1
122 verbose linkMans react-localstorage@0.3.1
123 verbose rebuildBundles react-localstorage@0.3.1
124 info install react-localstorage@0.3.1
125 info postinstall react-localstorage@0.3.1
126 verbose unlock done using C:\Users\Lenovo\AppData\Roaming\npm-cache\_locks\react-localstorage-1c7504a773f8dc1b.lock for F:\Samriddha\node-workspace\travel-blogger\node_modules\react-localstorage
127 verbose validateInstall loading F:\Samriddha\node-workspace\travel-blogger\package.json for validation
128 verbose stack Error: The package react@15.4.2 does not satisfy its siblings' peerDependencies requirements!
128 verbose stack     at C:\Program Files\nodejs\node_modules\npm\lib\install.js:125:32
128 verbose stack     at C:\Program Files\nodejs\node_modules\npm\lib\install.js:268:7
128 verbose stack     at C:\Program Files\nodejs\node_modules\npm\node_modules\read-installed\read-installed.js:142:5
128 verbose stack     at C:\Program Files\nodejs\node_modules\npm\node_modules\read-installed\read-installed.js:263:14
128 verbose stack     at cb (C:\Program Files\nodejs\node_modules\npm\node_modules\slide\lib\async-map.js:47:24)
128 verbose stack     at C:\Program Files\nodejs\node_modules\npm\node_modules\read-installed\read-installed.js:263:14
128 verbose stack     at cb (C:\Program Files\nodejs\node_modules\npm\node_modules\slide\lib\async-map.js:47:24)
128 verbose stack     at C:\Program Files\nodejs\node_modules\npm\node_modules\read-installed\read-installed.js:263:14
128 verbose stack     at cb (C:\Program Files\nodejs\node_modules\npm\node_modules\slide\lib\async-map.js:47:24)
128 verbose stack     at C:\Program Files\nodejs\node_modules\npm\node_modules\read-installed\read-installed.js:263:14
129 verbose cwd F:\Samriddha\node-workspace\travel-blogger
130 error Windows_NT 10.0.14393
131 error argv "C:\\Program Files\\nodejs\\node.exe" "C:\\Program Files\\nodejs\\node_modules\\npm\\bin\\npm-cli.js" "install" "--save" "react-localstorage"
132 error node v4.4.7
133 error npm  v2.15.8
134 error code EPEERINVALID
135 error peerinvalid The package react@15.4.2 does not satisfy its siblings' peerDependencies requirements!
135 error peerinvalid Peer react-addons-css-transition-group@15.5.2 wants react@^15.4.2
135 error peerinvalid Peer react-bootstrap@0.30.8 wants react@>=0.14.0
135 error peerinvalid Peer react-dom@15.4.2 wants react@^15.4.2
135 error peerinvalid Peer react-redux@5.0.3 wants react@^0.14.0 || ^15.0.0-0 || ^16.0.0-0
135 error peerinvalid Peer react-router@4.0.0 wants react@^15
135 error peerinvalid Peer react-router-dom@4.0.0 wants react@^15
135 error peerinvalid Peer react-3d-carousel@0.0.6 wants react@>=0.13.x < 1.0.0
136 verbose exit [ 1, true ]
